<?xml version="1.0" encoding="UTF-8"?>
<!-- Generated by org.testng.reporters.JUnitXMLReporter -->
<testsuite ignored="0" hostname="MisLenovo" failures="0" tests="2" name="DemoTestNG" time="0.102" errors="0" timestamp="2024-09-14T18:44:03 PDT">
  <testcase classname="DemoTestNG.ConfigurationAnnotations_1_DatePickers" name="test1_BootstrapDatePicker" time="0.013"/>
  <testcase classname="DemoTestNG.ConfigurationAnnotations_1_DatePickers" name="test2_JQueryDatePicker" time="0.002"/>
</testsuite> <!-- DemoTestNG -->
