<?xml version="1.0" encoding="UTF-8"?>
<!-- Generated by org.testng.reporters.JUnitXMLReporter -->
<testsuite ignored="1" hostname="MisLenovo" failures="0" tests="1" name="Default test" time="6.334" errors="0" timestamp="2024-10-01T20:08:43 PDT">
  <testcase classname="DemoTestNG.GeoLocation_Selenium4Feature" name="mockGeoLocation_DevTools" time="3.72"/>
  <testcase classname="DemoTestNG.GeoLocation_Selenium4Feature" name="mockGeoLocation_executeCDPCommand" time="0.0">
    <ignored/>
  </testcase> <!-- mockGeoLocation_executeCDPCommand -->
</testsuite> <!-- Default test -->
