<?xml version="1.0" encoding="UTF-8"?>
<!-- Generated by org.testng.reporters.JUnitXMLReporter -->
<testsuite ignored="0" hostname="MisLenovo" failures="0" tests="4" name="(2nd Test) Parallel Execution" time="5.34" errors="0" timestamp="2024-09-30T14:40:53 PDT">
  <testcase classname="DemoTestNG.ParallelTesting2" name="test3_BootstrapAlerts" time="0.816"/>
  <testcase classname="DemoTestNG.ParallelTesting1" name="test1_JQueryDatePicker" time="0.901"/>
  <testcase classname="DemoTestNG.ParallelTesting2" name="test4_DragAndDropRangeSlider" time="0.729"/>
  <testcase classname="DemoTestNG.ParallelTesting1" name="test2_DataListFilter" time="0.802"/>
</testsuite> <!-- (2nd Test) Parallel Execution -->
