<?xml version="1.0" encoding="UTF-8"?>
<!-- Generated by org.testng.reporters.JUnitXMLReporter -->
<testsuite ignored="0" hostname="MisLenovo" failures="0" tests="4" name="Parallel Execution" time="6.319" errors="0" timestamp="2024-09-30T14:37:31 PDT">
  <testcase classname="DemoTestNG.ParallelTesting2" name="test3_BootstrapAlerts" time="0.836"/>
  <testcase classname="DemoTestNG.ParallelTesting1" name="test1_JQueryDatePicker" time="0.872"/>
  <testcase classname="DemoTestNG.ParallelTesting2" name="test4_DragAndDropRangeSlider" time="0.717"/>
  <testcase classname="DemoTestNG.ParallelTesting1" name="test2_DataListFilter" time="0.776"/>
</testsuite> <!-- Parallel Execution -->
