<?xml version="1.0" encoding="UTF-8"?>
<!-- Generated by org.testng.reporters.JUnitXMLReporter -->
<testsuite ignored="1" hostname="MisLenovo" failures="0" tests="3" name="Run Class Annotations" time="0.125" errors="0" timestamp="2024-09-16T15:30:25 PDT">
  <testcase classname="DemoTestNG.ConfigurationAnnotations_1_DatePickers" name="test2_JQueryDatePicker" time="0.015"/>
  <testcase classname="DemoTestNG.ConfigurationAnnotations_2_ListBox" name="test3_BootstrapListBox" time="0.002"/>
  <testcase classname="DemoTestNG.ConfigurationAnnotations_2_ListBox" name="test4_JQueryListBox" time="0.003"/>
  <testcase classname="DemoTestNG.ConfigurationAnnotations_1_DatePickers" name="test1_BootstrapDatePicker" time="0.0">
    <ignored/>
  </testcase> <!-- test1_BootstrapDatePicker -->
</testsuite> <!-- Run Class Annotations -->
